<?xml version="1.0" encoding="UTF-8"?>
<!-- Generated by org.testng.reporters.JUnitXMLReporter -->
<testsuite ignored="1" hostname="LAPTOP-NBCD1KMT" failures="2" tests="3" name="Test" time="10.613" errors="0" timestamp="2023-09-16T14:33:30 IST">
  <testcase classname="SeleniumModule3.Assignment3" name="functionaltest" time="0.027">
    <failure type="java.lang.NullPointerException" message="Cannot invoke &amp;quot;org.openqa.selenium.JavascriptExecutor.executeScript(String, Object[])&amp;quot; because &amp;quot;jse&amp;quot; is null">
      <![CDATA[java.lang.NullPointerException: Cannot invoke "org.openqa.selenium.JavascriptExecutor.executeScript(String, Object[])" because "jse" is null
at SeleniumModule3.Assignment3.functionaltest(Assignment3.java:51)
at java.base/java.util.ArrayList.forEach(ArrayList.java:1511)
... Removed 27 stack frames]]>
    </failure>
  </testcase> <!-- functionaltest -->
  <testcase classname="SeleniumModule3.Assignment3" name="regressiontest" time="0.038">
    <failure type="java.lang.NullPointerException" message="Cannot invoke &amp;quot;org.openqa.selenium.WebDriver.findElement(org.openqa.selenium.By)&amp;quot; because &amp;quot;this.driver&amp;quot; is null">
      <![CDATA[java.lang.NullPointerException: Cannot invoke "org.openqa.selenium.WebDriver.findElement(org.openqa.selenium.By)" because "this.driver" is null
at SeleniumModule3.Assignment3.regressiontest(Assignment3.java:67)
at java.base/java.util.ArrayList.forEach(ArrayList.java:1511)
... Removed 27 stack frames]]>
    </failure>
  </testcase> <!-- regressiontest -->
  <testcase classname="SeleniumModule3.Assignment3" name="setup" time="10.378"/>
  <testcase classname="SeleniumModule3.Assignment3" name="failuretestcase" time="0.0">
    <ignored/>
  </testcase> <!-- failuretestcase -->
</testsuite> <!-- Test -->
